Arguments: 
  C:\Program Files (x86)\nodejs\node.exe C:\Users\Tommi\AppData\Roaming\npm\node_modules\yarn\bin\yarn.js workspace @project/client start

PATH: 
  C:\Users\Tommi\AppData\Local\Temp\yarn--1628230324560-0.4839657789042635;C:\Users\Tommi\Desktop\monorepo\node_modules\.bin;C:\Users\Tommi\AppData\Local\Yarn\Data\link\node_modules\.bin;C:\Users\Tommi\Desktop\monorepo\node_modules\.bin;C:\Users\Tommi\AppData\Local\Yarn\bin;C:\Program Files (x86)\libexec\lib\node_modules\npm\bin\node-gyp-bin;C:\Program Files (x86)\lib\node_modules\npm\bin\node-gyp-bin;C:\Program Files (x86)\nodejs\node_modules\npm\bin\node-gyp-bin;C:\Program Files\Common Files\Oracle\Java\javapath;C:\Program Files (x86)\Common Files\Oracle\Java\javapath;C:\WINDOWS\system32;C:\WINDOWS;C:\WINDOWS\System32\Wbem;C:\WINDOWS\System32\WindowsPowerShell\v1.0\;C:\WINDOWS\System32\OpenSSH\;C:\Program Files\dotnet\;C:\Program Files\Microsoft SQL Server\130\Tools\Binn\;C:\Program Files\Microsoft SQL Server\Client SDK\ODBC\170\Tools\Binn\;C:\Program Files\MATLAB\R2020b\bin;C:\Program Files\Microchip\xc8\v2.31\bin;C:\Program Files (x86)\nodejs\;C:\Program Files\Git\cmd;C:\Users\username\AppData\Local\Android\Sdk\platform-tools C:\Program Files\nodejs\;C:\ProgramData\chocolatey\bin;;C:\Program Files\Docker\Docker\resources\bin;C:\ProgramData\DockerDesktop\version-bin;C:\Users\Tommi\AppData\Local\Microsoft\WindowsApps;;C:\Users\Tommi\AppData\Local\Programs\Microsoft VS Code\bin;C:\Users\Tommi\AppData\Roaming\npm;C:\Program Files\heroku\bin

Yarn version: 
  1.22.11

Node version: 
  14.17.0

Platform: 
  win32 ia32

Trace: 
  SyntaxError: C:\Users\Tommi\Desktop\monorepo\packages\client\package.json: Unexpected token  in JSON at position 1374
      at JSON.parse (<anonymous>)
      at C:\Users\Tommi\AppData\Roaming\npm\node_modules\yarn\lib\cli.js:1625:59
      at Generator.next (<anonymous>)
      at step (C:\Users\Tommi\AppData\Roaming\npm\node_modules\yarn\lib\cli.js:310:30)
      at C:\Users\Tommi\AppData\Roaming\npm\node_modules\yarn\lib\cli.js:321:13

npm manifest: 
  {
    "name": "project",
    "version": "1.0.0",
    "private": true,
    "workspaces": [
        "packages/*"
    ],
    "scripts": {
      "test": "echo \"Error: no test specified\" && exit 1",
      "app": "yarn workspace @project/client start",
      "server": "yarn workspace @project/api start"
    },
    "license": "ISC"
  }

yarn manifest: 
  No manifest

Lockfile: 
  No lockfile
